[Tue Apr 29 10:32:51.100613 2014] [ssl:warn] [pid 7896:tid 256] AH01909: www.example.com:443:0 server certificate does NOT include an ID which matches the server name
[Tue Apr 29 10:32:51.146616 2014] [core:warn] [pid 7896:tid 256] AH00098: pid file C:/XAMPP_apachefriends/apache/logs/httpd.pid overwritten -- Unclean shutdown of previous Apache run?
[Tue Apr 29 10:32:51.385630 2014] [ssl:warn] [pid 7896:tid 256] AH01909: www.example.com:443:0 server certificate does NOT include an ID which matches the server name
[Tue Apr 29 10:32:51.669646 2014] [mpm_winnt:notice] [pid 7896:tid 256] AH00455: Apache/2.4.9 (Win32) OpenSSL/1.0.1g PHP/5.5.11 configured -- resuming normal operations
[Tue Apr 29 10:32:51.669646 2014] [mpm_winnt:notice] [pid 7896:tid 256] AH00456: Apache Lounge VC11 Server built: Mar 16 2014 12:13:13
[Tue Apr 29 10:32:51.669646 2014] [core:notice] [pid 7896:tid 256] AH00094: Command line: 'c:\\xampp_apachefriends\\apache\\bin\\httpd.exe -d C:/XAMPP_apachefriends/apache'
[Tue Apr 29 10:32:51.682647 2014] [mpm_winnt:notice] [pid 7896:tid 256] AH00418: Parent: Created child process 7396
[Tue Apr 29 10:32:52.312683 2014] [ssl:warn] [pid 7396:tid 268] AH01909: www.example.com:443:0 server certificate does NOT include an ID which matches the server name
[Tue Apr 29 10:32:52.719706 2014] [ssl:warn] [pid 7396:tid 268] AH01909: www.example.com:443:0 server certificate does NOT include an ID which matches the server name
[Tue Apr 29 10:32:52.764709 2014] [mpm_winnt:notice] [pid 7396:tid 268] AH00354: Child: Starting 150 worker threads.
[Tue Apr 29 11:08:29.315912 2014] [ssl:warn] [pid 3776:tid 256] AH01909: www.example.com:443:0 server certificate does NOT include an ID which matches the server name
[Tue Apr 29 11:08:29.355915 2014] [core:warn] [pid 3776:tid 256] AH00098: pid file C:/XAMPP_apachefriends/apache/logs/httpd.pid overwritten -- Unclean shutdown of previous Apache run?
[Tue Apr 29 11:08:29.524924 2014] [ssl:warn] [pid 3776:tid 256] AH01909: www.example.com:443:0 server certificate does NOT include an ID which matches the server name
[Tue Apr 29 11:08:29.553926 2014] [mpm_winnt:notice] [pid 3776:tid 256] AH00455: Apache/2.4.9 (Win32) OpenSSL/1.0.1g PHP/5.5.11 configured -- resuming normal operations
[Tue Apr 29 11:08:29.553926 2014] [mpm_winnt:notice] [pid 3776:tid 256] AH00456: Apache Lounge VC11 Server built: Mar 16 2014 12:13:13
[Tue Apr 29 11:08:29.553926 2014] [core:notice] [pid 3776:tid 256] AH00094: Command line: 'c:\\xampp_apachefriends\\apache\\bin\\httpd.exe -d C:/XAMPP_apachefriends/apache'
[Tue Apr 29 11:08:29.567927 2014] [mpm_winnt:notice] [pid 3776:tid 256] AH00418: Parent: Created child process 9208
[Tue Apr 29 11:08:30.141960 2014] [ssl:warn] [pid 9208:tid 268] AH01909: www.example.com:443:0 server certificate does NOT include an ID which matches the server name
[Tue Apr 29 11:08:30.418975 2014] [ssl:warn] [pid 9208:tid 268] AH01909: www.example.com:443:0 server certificate does NOT include an ID which matches the server name
[Tue Apr 29 11:08:30.452977 2014] [mpm_winnt:notice] [pid 9208:tid 268] AH00354: Child: Starting 150 worker threads.
